<?xml version="1.0" encoding="UTF-8"?>
<!-- Generated by org.testng.reporters.JUnitReportReporter -->
<testsuite hostname="DESKTOP-L7BIOS9" name="com.crm.qa.testcases.HomePageTest" tests="3" failures="0" timestamp="12 Jan 2019 22:24:37 GMT" time="26.143" errors="0">
  <testcase name="userNameLabelTest" time="8.369" classname="com.crm.qa.testcases.HomePageTest"/>
  <testcase name="contactPageTitleTest" time="8.518" classname="com.crm.qa.testcases.HomePageTest"/>
  <testcase name="verifyContactsLinkTest" time="9.256" classname="com.crm.qa.testcases.HomePageTest"/>
</testsuite> <!-- com.crm.qa.testcases.HomePageTest -->
