<?xml version="1.0" encoding="UTF-8"?>
<!-- Generated by org.testng.reporters.JUnitReportReporter -->
<testsuite hostname="DESKTOP-L7BIOS9" name="com.crm.qa.testcases.LoginPageTest" tests="3" failures="0" timestamp="12 Jan 2019 22:24:37 GMT" time="20.667" errors="0">
  <testcase name="loginPageCRMImageTest" time="6.513" classname="com.crm.qa.testcases.LoginPageTest"/>
  <testcase name="loginTest" time="8.989" classname="com.crm.qa.testcases.LoginPageTest"/>
  <testcase name="loginPageTitleTest" time="5.165" classname="com.crm.qa.testcases.LoginPageTest"/>
</testsuite> <!-- com.crm.qa.testcases.LoginPageTest -->
